<?xml version="1.0" encoding="UTF-8"?>
<!-- Generated by org.testng.reporters.JUnitReportReporter -->
<testsuite hostname="DESKTOP-HSL7AJ6" failures="0" tests="1" name="FreshRestAssured.TestingRA.Testcases" time="1.458" errors="0" timestamp="25 May 2022 03:37:42 GMT" skipped="0">
  <testcase classname="FreshRestAssured.TestingRA.Testcases" name="UpdateUser" time="1.458"/>
</testsuite> <!-- FreshRestAssured.TestingRA.Testcases -->
